<?xml version="1.0" encoding="UTF-8"?>
<testsuite name="TaskListTest" tests="2" skipped="0" failures="0" errors="0" timestamp="2023-07-23T01:48:08" hostname="WESLEY" time="0.187">
  <properties/>
  <testcase name="addTask()" classname="TaskListTest" time="0.179"/>
  <testcase name="removeTask()" classname="TaskListTest" time="0.007"/>
  <system-out><![CDATA[]]></system-out>
  <system-err><![CDATA[]]></system-err>
</testsuite>
